<?xml version="1.0" encoding="UTF-8"?>
<!-- Generated by org.testng.reporters.JUnitXMLReporter -->
<testsuite hostname="LAPTOP-0IBD1NEI" ignored="2" name="Default test" tests="1" failures="0" timestamp="27 Nov 2020 12:03:37 GMT" time="31.477" errors="0">
  <testcase name="Joiner_Joines_The_Room_Created" time="9.804" classname="com.test.TestClass2"/>
  <testcase name="Joiner_end_The_session" time="0.0" classname="com.test.TestClass2">
    <ignored/>
  </testcase> <!-- Joiner_end_The_session -->
  <testcase name="Joiner_Leaves_The_Room_Joined" time="0.0" classname="com.test.TestClass2">
    <ignored/>
  </testcase> <!-- Joiner_Leaves_The_Room_Joined -->
</testsuite> <!-- Default test -->
