<?xml version="1.0" encoding="UTF-8"?>
<!-- Generated by org.testng.reporters.JUnitXMLReporter -->
<testsuite hostname="LAPTOP-0IBD1NEI" ignored="5" name="Test" tests="2" failures="0" timestamp="27 Nov 2020 17:15:49 GMT" time="50.143" errors="0">
  <testcase name="Creater_Creates_A_New_Room" time="5.201" classname="com.test.TestClass1"/>
  <testcase name="Joiner_Joines_The_Room_Created" time="11.964" classname="com.test.TestClass2"/>
  <testcase name="Creater_Click_back_button" time="0.0" classname="com.test.TestClass1">
    <ignored/>
  </testcase> <!-- Creater_Click_back_button -->
  <testcase name="Joiner_end_The_session" time="0.0" classname="com.test.TestClass2">
    <ignored/>
  </testcase> <!-- Joiner_end_The_session -->
  <testcase name="Creater_end_The_Session" time="0.0" classname="com.test.TestClass1">
    <ignored/>
  </testcase> <!-- Creater_end_The_Session -->
  <testcase name="Joiner_joins_with_videoAudio" time="0.0" classname="com.test.TestClass2">
    <ignored/>
  </testcase> <!-- Joiner_joins_with_videoAudio -->
  <testcase name="live_session_visisble" time="0.0" classname="com.test.TestClass2">
    <ignored/>
  </testcase> <!-- live_session_visisble -->
</testsuite> <!-- Test -->
